Using pre-set license
Built from '2020.3/staging' branch; Version is '2020.3.8f1 (507919d4fff5) revision 5273881'; Using compiler version '192528614'; Build Type 'Release'
OS: 'Windows 10 Home; OS build 19043.1237; Version 2009; 64bit' Language: 'en' Physical Memory: 8034 MB
BatchMode: 1, IsHumanControllingUs: 0, StartBugReporterOnCrash: 0, Is64bit: 1, IsPro: 0

 COMMAND LINE ARGUMENTS:
C:\Program Files\Unity\Hub\Editor\2020.3.8f1\Editor\Unity.exe
-adb2
-batchMode
-noUpm
-name
AssetImportWorker0
-projectPath
C:/Users/Przemek/Documents/GitHub/TicTacToeAndroid
-logFile
Logs/AssetImportWorker0.log
-srvPort
64410
Successfully changed project path to: C:/Users/Przemek/Documents/GitHub/TicTacToeAndroid
C:/Users/Przemek/Documents/GitHub/TicTacToeAndroid
Using Asset Import Pipeline V2.
Refreshing native plugins compatible for Editor in 30.03 ms, found 0 plugins.
Preloading 0 native plugins for Editor in 0.00 ms.
Initialize engine version: 2020.3.8f1 (507919d4fff5)
[Subsystems] Discovering subsystems at path C:/Program Files/Unity/Hub/Editor/2020.3.8f1/Editor/Data/Resources/UnitySubsystems
[Subsystems] Discovering subsystems at path C:/Users/Przemek/Documents/GitHub/TicTacToeAndroid/Assets
GfxDevice: creating device client; threaded=0
Direct3D:
    Version:  Direct3D 11.0 [level 11.1]
    Renderer: NVIDIA GeForce GTX 1650 (ID=0x1f91)
    Vendor:   
    VRAM:     3962 MB
    Driver:   27.21.14.5167
Initialize mono
Mono path[0] = 'C:/Program Files/Unity/Hub/Editor/2020.3.8f1/Editor/Data/Managed'
Mono path[1] = 'C:/Program Files/Unity/Hub/Editor/2020.3.8f1/Editor/Data/MonoBleedingEdge/lib/mono/unityjit'
Mono config path = 'C:/Program Files/Unity/Hub/Editor/2020.3.8f1/Editor/Data/MonoBleedingEdge/etc'
Using monoOptions --debugger-agent=transport=dt_socket,embedding=1,server=y,suspend=n,address=127.0.0.1:56536
Begin MonoManager ReloadAssembly
Registering precompiled unity dll's ...
Register platform support module: C:/Program Files/Unity/Hub/Editor/2020.3.8f1/Editor/Data/PlaybackEngines/WindowsStandaloneSupport/UnityEditor.WindowsStandalone.Extensions.dll
Registered in 0.001952 seconds.
Native extension for WindowsStandalone target not found
Refreshing native plugins compatible for Editor in 23.05 ms, found 0 plugins.
Preloading 0 native plugins for Editor in 0.00 ms.
Mono: successfully reloaded assembly
- Completed reload, in  0.974 seconds
Platform modules already initialized, skipping
Registering precompiled user dll's ...
Registered in 0.003261 seconds.
Begin MonoManager ReloadAssembly
Native extension for WindowsStandalone target not found
Refreshing native plugins compatible for Editor in 0.37 ms, found 0 plugins.
Preloading 0 native plugins for Editor in 0.00 ms.
Mono: successfully reloaded assembly
- Completed reload, in  0.816 seconds
Platform modules already initialized, skipping
========================================================================
Worker process is ready to serve import requests
Launched and connected shader compiler UnityShaderCompiler.exe after 0.04 seconds
Refreshing native plugins compatible for Editor in 0.70 ms, found 0 plugins.
Preloading 0 native plugins for Editor in 0.00 ms.
Unloading 1239 Unused Serialized files (Serialized files now loaded: 0)
System memory in use before: 60.4 MB.
System memory in use after: 60.4 MB.

Unloading 42 unused Assets to reduce memory usage. Loaded Objects now: 1658.
Total: 1.546400 ms (FindLiveObjects: 0.128100 ms CreateObjectMapping: 0.030600 ms MarkObjects: 1.321000 ms  DeleteObjects: 0.066000 ms)

========================================================================
Received Import Request.
  path: Assets/Resources/Sprites
  artifactKey: Guid(67562892ecb72b94cb8bd83dcd1a474c) Importer(815301076,1909f56bfc062723c751e8b465ee728b)
Start importing Assets/Resources/Sprites using Guid(67562892ecb72b94cb8bd83dcd1a474c) Importer(815301076,1909f56bfc062723c751e8b465ee728b)  -> (artifact id: 'c345a0ab29cd437f8b59d97b6c177037') in 0.003229 seconds
  Import took 0.004699 seconds .

========================================================================
Received Import Request.
  Time since last request: 8.254880 seconds.
  path: Assets/Resources/Scripts
  artifactKey: Guid(47c9d5338ccb0a24c8272b3a0eb26f83) Importer(815301076,1909f56bfc062723c751e8b465ee728b)
Start importing Assets/Resources/Scripts using Guid(47c9d5338ccb0a24c8272b3a0eb26f83) Importer(815301076,1909f56bfc062723c751e8b465ee728b)  -> (artifact id: '584d695adff0da645b44a6493193a3b9') in 0.002347 seconds
  Import took 0.004945 seconds .

========================================================================
Received Import Request.
  Time since last request: 15.827916 seconds.
  path: Assets/Resources/Scripts/GameScript.cs
  artifactKey: Guid(93c66a0b196a14e45839352c1629cfa0) Importer(815301076,1909f56bfc062723c751e8b465ee728b)
Start importing Assets/Resources/Scripts/GameScript.cs using Guid(93c66a0b196a14e45839352c1629cfa0) Importer(815301076,1909f56bfc062723c751e8b465ee728b)  -> (artifact id: '6d848c3caafc7df90f38a12a86f24816') in 0.046816 seconds
  Import took 0.048998 seconds .

========================================================================
Received Prepare
Registering precompiled user dll's ...
Registered in 0.003140 seconds.
Begin MonoManager ReloadAssembly
Native extension for WindowsStandalone target not found
Refreshing native plugins compatible for Editor in 0.38 ms, found 0 plugins.
Preloading 0 native plugins for Editor in 0.00 ms.
Mono: successfully reloaded assembly
- Completed reload, in  0.832 seconds
Platform modules already initialized, skipping
Switching build target platform(5) subTarget(0) extendedPlatform(0) -> platform(13) subTarget(537395200) extendedPlatform(0)
Refreshing native plugins compatible for Editor in 0.38 ms, found 0 plugins.
Preloading 0 native plugins for Editor in 0.00 ms.
Unloading 1238 Unused Serialized files (Serialized files now loaded: 0)
System memory in use before: 60.4 MB.
System memory in use after: 60.4 MB.

Unloading 37 unused Assets to reduce memory usage. Loaded Objects now: 1662.
Total: 1.767200 ms (FindLiveObjects: 0.123900 ms CreateObjectMapping: 0.031000 ms MarkObjects: 1.558100 ms  DeleteObjects: 0.053500 ms)

AssetImportParameters requested are different than current active one (requested -> active):
  custom:graphics/normal-map-encoding: 01000000000000000000000000000000 -> 02000000000000000000000000000000
========================================================================
Received Import Request.
  Time since last request: 5463.434135 seconds.
  path: Assets/Resources/Scripts/GameScript.cs
  artifactKey: Guid(93c66a0b196a14e45839352c1629cfa0) Importer(815301076,1909f56bfc062723c751e8b465ee728b)
Start importing Assets/Resources/Scripts/GameScript.cs using Guid(93c66a0b196a14e45839352c1629cfa0) Importer(815301076,1909f56bfc062723c751e8b465ee728b)  -> (artifact id: '698213681751f67dc930fbc0bd0cc1c9') in 0.003810 seconds
  Import took 0.005846 seconds .

========================================================================
Received Prepare
Registering precompiled user dll's ...
Registered in 0.002879 seconds.
Begin MonoManager ReloadAssembly
Native extension for WindowsStandalone target not found
Refreshing native plugins compatible for Editor in 0.39 ms, found 0 plugins.
Preloading 0 native plugins for Editor in 0.00 ms.
Mono: successfully reloaded assembly
- Completed reload, in  0.763 seconds
Platform modules already initialized, skipping
Switching build target platform(5) subTarget(0) extendedPlatform(0) -> platform(13) subTarget(537395200) extendedPlatform(0)
Refreshing native plugins compatible for Editor in 0.57 ms, found 0 plugins.
Preloading 0 native plugins for Editor in 0.00 ms.
Unloading 1238 Unused Serialized files (Serialized files now loaded: 0)
System memory in use before: 60.4 MB.
System memory in use after: 60.5 MB.

Unloading 37 unused Assets to reduce memory usage. Loaded Objects now: 1665.
Total: 2.153700 ms (FindLiveObjects: 0.248800 ms CreateObjectMapping: 0.064000 ms MarkObjects: 1.757700 ms  DeleteObjects: 0.081600 ms)

AssetImportParameters requested are different than current active one (requested -> active):
  custom:graphics/normal-map-encoding: 01000000000000000000000000000000 -> 02000000000000000000000000000000
========================================================================
Received Prepare
Registering precompiled user dll's ...
Registered in 0.003806 seconds.
Begin MonoManager ReloadAssembly
Native extension for WindowsStandalone target not found
Refreshing native plugins compatible for Editor in 0.39 ms, found 0 plugins.
Preloading 0 native plugins for Editor in 0.00 ms.
Mono: successfully reloaded assembly
- Completed reload, in  0.810 seconds
Platform modules already initialized, skipping
Switching build target platform(5) subTarget(0) extendedPlatform(0) -> platform(13) subTarget(537395200) extendedPlatform(0)
Refreshing native plugins compatible for Editor in 0.38 ms, found 0 plugins.
Preloading 0 native plugins for Editor in 0.00 ms.
Unloading 1238 Unused Serialized files (Serialized files now loaded: 0)
System memory in use before: 60.4 MB.
System memory in use after: 60.5 MB.

Unloading 37 unused Assets to reduce memory usage. Loaded Objects now: 1668.
Total: 1.655300 ms (FindLiveObjects: 0.113000 ms CreateObjectMapping: 0.031700 ms MarkObjects: 1.467100 ms  DeleteObjects: 0.042600 ms)

AssetImportParameters requested are different than current active one (requested -> active):
  custom:graphics/normal-map-encoding: 01000000000000000000000000000000 -> 02000000000000000000000000000000
========================================================================
Received Import Request.
  Time since last request: 1041.864925 seconds.
  path: Assets/Resources/Prefabs
  artifactKey: Guid(1071e3be25036084885749fb3b723f28) Importer(815301076,1909f56bfc062723c751e8b465ee728b)
Start importing Assets/Resources/Prefabs using Guid(1071e3be25036084885749fb3b723f28) Importer(815301076,1909f56bfc062723c751e8b465ee728b)  -> (artifact id: '0ebca052a85abd9ecadfcc0257c99798') in 0.005006 seconds
  Import took 0.009126 seconds .

========================================================================
Received Import Request.
  Time since last request: 43.247472 seconds.
  path: Assets/Resources/Prefabs/SpacePrefab.prefab
  artifactKey: Guid(2fb772dcd16c97d47a5abfb340c2dbbe) Importer(815301076,1909f56bfc062723c751e8b465ee728b)
Start importing Assets/Resources/Prefabs/SpacePrefab.prefab using Guid(2fb772dcd16c97d47a5abfb340c2dbbe) Importer(815301076,1909f56bfc062723c751e8b465ee728b)  -> (artifact id: 'dad4b88e0d97e458f0e28525f2a29d2c') in 0.036930 seconds
  Import took 0.040033 seconds .

========================================================================
Received Import Request.
  Time since last request: 11.831759 seconds.
  path: Assets/Resources/Prefabs/SpacePrefab.prefab
  artifactKey: Guid(2fb772dcd16c97d47a5abfb340c2dbbe) Importer(815301076,1909f56bfc062723c751e8b465ee728b)
Start importing Assets/Resources/Prefabs/SpacePrefab.prefab using Guid(2fb772dcd16c97d47a5abfb340c2dbbe) Importer(815301076,1909f56bfc062723c751e8b465ee728b)  -> (artifact id: '282fbdf6f40a60264670fe7d612c8abd') in 0.026317 seconds
  Import took 0.029410 seconds .

========================================================================
Received Import Request.
  Time since last request: 10.216822 seconds.
  path: Assets/Resources/Prefabs/SpacePrefab.prefab
  artifactKey: Guid(2fb772dcd16c97d47a5abfb340c2dbbe) Importer(815301076,1909f56bfc062723c751e8b465ee728b)
Start importing Assets/Resources/Prefabs/SpacePrefab.prefab using Guid(2fb772dcd16c97d47a5abfb340c2dbbe) Importer(815301076,1909f56bfc062723c751e8b465ee728b)  -> (artifact id: '8df8958935bfb78c9acc5b9f79eb1adf') in 0.004270 seconds
  Import took 0.007557 seconds .

========================================================================
Received Import Request.
  Time since last request: 2.622353 seconds.
  path: Assets/Resources/Prefabs/SpacePrefab.prefab
  artifactKey: Guid(2fb772dcd16c97d47a5abfb340c2dbbe) Importer(815301076,1909f56bfc062723c751e8b465ee728b)
Start importing Assets/Resources/Prefabs/SpacePrefab.prefab using Guid(2fb772dcd16c97d47a5abfb340c2dbbe) Importer(815301076,1909f56bfc062723c751e8b465ee728b)  -> (artifact id: '9d50a40ef129899404cd3c659d362641') in 0.004598 seconds
  Import took 0.007033 seconds .

========================================================================
Received Import Request.
  Time since last request: 1.603245 seconds.
  path: Assets/Resources/Prefabs/SpacePrefab.prefab
  artifactKey: Guid(2fb772dcd16c97d47a5abfb340c2dbbe) Importer(815301076,1909f56bfc062723c751e8b465ee728b)
Start importing Assets/Resources/Prefabs/SpacePrefab.prefab using Guid(2fb772dcd16c97d47a5abfb340c2dbbe) Importer(815301076,1909f56bfc062723c751e8b465ee728b)  -> (artifact id: 'a4e930625639522723f14f06076f0d07') in 0.004741 seconds
  Import took 0.008147 seconds .

========================================================================
Received Import Request.
  Time since last request: 5.469495 seconds.
  path: Assets/Resources/Prefabs/SpacePrefab.prefab
  artifactKey: Guid(2fb772dcd16c97d47a5abfb340c2dbbe) Importer(815301076,1909f56bfc062723c751e8b465ee728b)
Start importing Assets/Resources/Prefabs/SpacePrefab.prefab using Guid(2fb772dcd16c97d47a5abfb340c2dbbe) Importer(815301076,1909f56bfc062723c751e8b465ee728b)  -> (artifact id: 'ca541c7eece3437b7e4079b2a1b75cf7') in 0.005725 seconds
  Import took 0.009702 seconds .

========================================================================
Received Prepare
Registering precompiled user dll's ...
Registered in 0.002873 seconds.
Begin MonoManager ReloadAssembly
Native extension for WindowsStandalone target not found
Refreshing native plugins compatible for Editor in 0.39 ms, found 0 plugins.
Preloading 0 native plugins for Editor in 0.00 ms.
Mono: successfully reloaded assembly
- Completed reload, in  0.784 seconds
Platform modules already initialized, skipping
Switching build target platform(5) subTarget(0) extendedPlatform(0) -> platform(13) subTarget(537395200) extendedPlatform(0)
Refreshing native plugins compatible for Editor in 0.37 ms, found 0 plugins.
Preloading 0 native plugins for Editor in 0.00 ms.
Unloading 1238 Unused Serialized files (Serialized files now loaded: 0)
System memory in use before: 60.5 MB.
System memory in use after: 60.6 MB.

Unloading 38 unused Assets to reduce memory usage. Loaded Objects now: 1673.
Total: 1.609000 ms (FindLiveObjects: 0.144400 ms CreateObjectMapping: 0.039100 ms MarkObjects: 1.370500 ms  DeleteObjects: 0.054400 ms)

AssetImportParameters requested are different than current active one (requested -> active):
  custom:graphics/normal-map-encoding: 01000000000000000000000000000000 -> 02000000000000000000000000000000
AssetImportWorkerClient::OnTransportError - code=2 error=End of file
